<?xml version="1.0" encoding="UTF-8"?>
<!-- Generated by org.testng.reporters.JUnitXMLReporter -->
<testsuite hostname="DESKTOP-HJ8VKPG" ignored="0" name="Default test" tests="12" failures="0" timestamp="17 Nov 2021 03:23:02 GMT" time="0.62" errors="0">
  <testcase name="@BeforeClass beforeClass" time="0.018" classname="com.hrm.employee.Level_16_Live_Coding">
    <failure type="java.lang.IllegalArgumentException" message="No enum constant commons.BaseTest.BROWSER.PARAM-VAL-NOT-FOUND">
      <![CDATA[java.lang.IllegalArgumentException: No enum constant commons.BaseTest.BROWSER.PARAM-VAL-NOT-FOUND
at java.lang.Enum.valueOf(Enum.java:238)
at commons.BaseTest$BROWSER.valueOf(BaseTest.java:1)
at commons.BaseTest.getBrowserDriver(BaseTest.java:62)
at com.hrm.employee.Level_16_Live_Coding.beforeClass(Level_16_Live_Coding.java:31)
at sun.reflect.NativeMethodAccessorImpl.invoke0(Native Method)
at sun.reflect.NativeMethodAccessorImpl.invoke(NativeMethodAccessorImpl.java:62)
at sun.reflect.DelegatingMethodAccessorImpl.invoke(DelegatingMethodAccessorImpl.java:43)
at java.lang.reflect.Method.invoke(Method.java:498)
at org.testng.internal.MethodInvocationHelper.invokeMethod(MethodInvocationHelper.java:124)
at org.testng.internal.MethodInvocationHelper.invokeMethodConsideringTimeout(MethodInvocationHelper.java:59)
at org.testng.internal.Invoker.invokeConfigurationMethod(Invoker.java:458)
at org.testng.internal.Invoker.invokeConfigurations(Invoker.java:222)
at org.testng.internal.Invoker.invokeConfigurations(Invoker.java:142)
at org.testng.internal.TestMethodWorker.invokeBeforeClassMethods(TestMethodWorker.java:168)
at org.testng.internal.TestMethodWorker.run(TestMethodWorker.java:105)
at org.testng.TestRunner.privateRun(TestRunner.java:648)
at org.testng.TestRunner.run(TestRunner.java:505)
at org.testng.SuiteRunner.runTest(SuiteRunner.java:455)
at org.testng.SuiteRunner.runSequentially(SuiteRunner.java:450)
at org.testng.SuiteRunner.privateRun(SuiteRunner.java:415)
at org.testng.SuiteRunner.run(SuiteRunner.java:364)
at org.testng.SuiteRunnerWorker.runSuite(SuiteRunnerWorker.java:52)
at org.testng.SuiteRunnerWorker.run(SuiteRunnerWorker.java:84)
at org.testng.TestNG.runSuitesSequentially(TestNG.java:1208)
at org.testng.TestNG.runSuitesLocally(TestNG.java:1137)
at org.testng.TestNG.runSuites(TestNG.java:1049)
at org.testng.TestNG.run(TestNG.java:1017)
at org.testng.remote.AbstractRemoteTestNG.run(AbstractRemoteTestNG.java:115)
at org.testng.remote.RemoteTestNG.initAndRun(RemoteTestNG.java:251)
at org.testng.remote.RemoteTestNG.main(RemoteTestNG.java:77)
]]>
    </failure>
  </testcase> <!-- @BeforeClass beforeClass -->
  <testcase name="@AfterClass afterClass" time="0.002" classname="com.hrm.employee.Level_16_Live_Coding">
    <failure type="java.lang.IllegalArgumentException" message="Empty command">
      <![CDATA[java.lang.IllegalArgumentException: Empty command
at java.lang.Runtime.exec(Runtime.java:445)
at java.lang.Runtime.exec(Runtime.java:348)
at commons.BaseTest.cleanBrowserAndDriver(BaseTest.java:225)
at com.hrm.employee.Level_16_Live_Coding.afterClass(Level_16_Live_Coding.java:408)
at sun.reflect.NativeMethodAccessorImpl.invoke0(Native Method)
at sun.reflect.NativeMethodAccessorImpl.invoke(NativeMethodAccessorImpl.java:62)
at sun.reflect.DelegatingMethodAccessorImpl.invoke(DelegatingMethodAccessorImpl.java:43)
at java.lang.reflect.Method.invoke(Method.java:498)
at org.testng.internal.MethodInvocationHelper.invokeMethod(MethodInvocationHelper.java:124)
at org.testng.internal.MethodInvocationHelper.invokeMethodConsideringTimeout(MethodInvocationHelper.java:59)
at org.testng.internal.Invoker.invokeConfigurationMethod(Invoker.java:458)
at org.testng.internal.Invoker.invokeConfigurations(Invoker.java:222)
at org.testng.internal.Invoker.invokeConfigurations(Invoker.java:142)
at org.testng.internal.TestMethodWorker.invokeAfterClassMethods(TestMethodWorker.java:214)
at org.testng.internal.TestMethodWorker.run(TestMethodWorker.java:111)
at org.testng.TestRunner.privateRun(TestRunner.java:648)
at org.testng.TestRunner.run(TestRunner.java:505)
at org.testng.SuiteRunner.runTest(SuiteRunner.java:455)
at org.testng.SuiteRunner.runSequentially(SuiteRunner.java:450)
at org.testng.SuiteRunner.privateRun(SuiteRunner.java:415)
at org.testng.SuiteRunner.run(SuiteRunner.java:364)
at org.testng.SuiteRunnerWorker.runSuite(SuiteRunnerWorker.java:52)
at org.testng.SuiteRunnerWorker.run(SuiteRunnerWorker.java:84)
at org.testng.TestNG.runSuitesSequentially(TestNG.java:1208)
at org.testng.TestNG.runSuitesLocally(TestNG.java:1137)
at org.testng.TestNG.runSuites(TestNG.java:1049)
at org.testng.TestNG.run(TestNG.java:1017)
at org.testng.remote.AbstractRemoteTestNG.run(AbstractRemoteTestNG.java:115)
at org.testng.remote.RemoteTestNG.initAndRun(RemoteTestNG.java:251)
at org.testng.remote.RemoteTestNG.main(RemoteTestNG.java:77)
]]>
    </failure>
  </testcase> <!-- @AfterClass afterClass -->
  <testcase name="Employee_01_Add_New_Employee" time="0.0" classname="com.hrm.employee.Level_16_Live_Coding">
    <skipped/>
  </testcase> <!-- Employee_01_Add_New_Employee -->
  <testcase name="Employee_02_Upload_Avatar" time="0.0" classname="com.hrm.employee.Level_16_Live_Coding">
    <skipped/>
  </testcase> <!-- Employee_02_Upload_Avatar -->
  <testcase name="Employee_03_Edit_Personal_Details" time="0.0" classname="com.hrm.employee.Level_16_Live_Coding">
    <skipped/>
  </testcase> <!-- Employee_03_Edit_Personal_Details -->
  <testcase name="Employee_04_Edit_Contact_Details" time="0.0" classname="com.hrm.employee.Level_16_Live_Coding">
    <skipped/>
  </testcase> <!-- Employee_04_Edit_Contact_Details -->
  <testcase name="Employee_05_Emergency_Details" time="0.0" classname="com.hrm.employee.Level_16_Live_Coding">
    <skipped/>
  </testcase> <!-- Employee_05_Emergency_Details -->
  <testcase name="Employee_06_Assigned_Dependents" time="0.0" classname="com.hrm.employee.Level_16_Live_Coding">
    <skipped/>
  </testcase> <!-- Employee_06_Assigned_Dependents -->
  <testcase name="Employee_07_Edit_View_Job" time="0.0" classname="com.hrm.employee.Level_16_Live_Coding">
    <skipped/>
  </testcase> <!-- Employee_07_Edit_View_Job -->
  <testcase name="Employee_08_Edit_View_Salary" time="0.0" classname="com.hrm.employee.Level_16_Live_Coding">
    <skipped/>
  </testcase> <!-- Employee_08_Edit_View_Salary -->
  <testcase name="Employee_09_Edit_View_Tax" time="0.0" classname="com.hrm.employee.Level_16_Live_Coding">
    <skipped/>
  </testcase> <!-- Employee_09_Edit_View_Tax -->
  <testcase name="Employee_10_Qualifications" time="0.0" classname="com.hrm.employee.Level_16_Live_Coding">
    <skipped/>
  </testcase> <!-- Employee_10_Qualifications -->
  <testcase name="Employee_11_Search_Employee" time="0.0" classname="com.hrm.employee.Level_16_Live_Coding">
    <skipped/>
  </testcase> <!-- Employee_11_Search_Employee -->
  <testcase name="Employee_12_Memberships" time="0.0" classname="com.hrm.employee.Level_16_Live_Coding">
    <skipped/>
  </testcase> <!-- Employee_12_Memberships -->
</testsuite> <!-- Default test -->
